
(budgie-panel:8963): Indicator-Applet-WARNING **: 21:42:08.279: unable to open indicator service file directory: Error opening directory “/usr/share/ayatana/indicators”: No such file or directory
** Message: 21:42:08.792: libsession.vala:50: DESKTOP_AUTOSTART_ID not set, session registration may be broken (not running budgie-desktop?)
WARNING: i965 does not fully support Gen11 yet.
Instability or lower performance might occur.
WARNING: i965 does not fully support Gen11 yet.
Instability or lower performance might occur.
WARNING: i965 does not fully support Gen11 yet.
Instability or lower performance might occur.
Warning: 'sandbox' is not in the list of known options, but still passed to Electron/Chromium.
[90m[main 2020-06-26T15:44:28.141Z][0m update#setState idle
WARNING: i965 does not fully support Gen11 yet.
Instability or lower performance might occur.
WARNING: i965 does not fully support Gen11 yet.
Instability or lower performance might occur.
[6068:0626/114428.193147:ERROR:buffer_manager.cc(488)] [.DisplayCompositor]GL ERROR :GL_INVALID_OPERATION : glBufferData: <- error from previous GL command
WARNING: i965 does not fully support Gen11 yet.
Instability or lower performance might occur.
bash: cannot set terminal process group (-1): Inappropriate ioctl for device
bash: no job control in this shell
bash: /usr/share/defaults/etc/profile: No such file or directory
(node:6108) Electron: Loading non context-aware native modules in the renderer process is deprecated and will stop working at some point in the future, please see https://github.com/electron/electron/issues/18397 for more information
(node:6108) Electron: Loading non context-aware native modules in the renderer process is deprecated and will stop working at some point in the future, please see https://github.com/electron/electron/issues/18397 for more information
(node:6108) Electron: Loading non context-aware native modules in the renderer process is deprecated and will stop working at some point in the future, please see https://github.com/electron/electron/issues/18397 for more information
(node:6108) Electron: Loading non context-aware native modules in the renderer process is deprecated and will stop working at some point in the future, please see https://github.com/electron/electron/issues/18397 for more information
(node:6108) Electron: Loading non context-aware native modules in the renderer process is deprecated and will stop working at some point in the future, please see https://github.com/electron/electron/issues/18397 for more information
(node:6108) Electron: Loading non context-aware native modules in the renderer process is deprecated and will stop working at some point in the future, please see https://github.com/electron/electron/issues/18397 for more information
WARNING: i965 does not fully support Gen11 yet.
Instability or lower performance might occur.
WARNING: i965 does not fully support Gen11 yet.
Instability or lower performance might occur.
[6068:0626/114431.162958:ERROR:buffer_manager.cc(488)] [.DisplayCompositor]GL ERROR :GL_INVALID_OPERATION : glBufferData: <- error from previous GL command
WARNING: i965 does not fully support Gen11 yet.
Instability or lower performance might occur.
(node:6248) Electron: Loading non context-aware native modules in the renderer process is deprecated and will stop working at some point in the future, please see https://github.com/electron/electron/issues/18397 for more information
(node:6248) Electron: Loading non context-aware native modules in the renderer process is deprecated and will stop working at some point in the future, please see https://github.com/electron/electron/issues/18397 for more information
[90m[main 2020-06-26T15:44:58.154Z][0m update#setState checking for updates
[90m[main 2020-06-26T15:44:58.265Z][0m update#setState available for download
[6068:0626/123359.678422:ERROR:gles2_cmd_decoder.cc(4921)] [.RendererMainThread-0x305da5c67500]GL ERROR :GL_INVALID_FRAMEBUFFER_OPERATION : glClear: framebuffer incomplete
[6068:0626/134348.095585:ERROR:gles2_cmd_decoder.cc(4921)] [.RendererMainThread-0x305da5c67500]GL ERROR :GL_INVALID_FRAMEBUFFER_OPERATION : glClear: framebuffer incomplete

(gnome-system-monitor:28752): Gtk-CRITICAL **: 13:51:12.150: gtk_widget_event: assertion 'WIDGET_REALIZED_FOR_EVENT (widget, event)' failed

(gnome-system-monitor:28752): Gtk-CRITICAL **: 13:51:12.623: gtk_widget_event: assertion 'WIDGET_REALIZED_FOR_EVENT (widget, event)' failed

(budgie-panel:8963): Gdk-CRITICAL **: 14:46:26.528: gdk_frame_clock_get_frame_time: assertion 'GDK_IS_FRAME_CLOCK (frame_clock)' failed

(budgie-panel:8963): Gdk-CRITICAL **: 14:46:26.528: gdk_frame_clock_get_frame_time: assertion 'GDK_IS_FRAME_CLOCK (frame_clock)' failed
[6068:0626/151303.566012:ERROR:gles2_cmd_decoder.cc(4921)] [.RendererMainThread-0x305da5c67500]GL ERROR :GL_INVALID_FRAMEBUFFER_OPERATION : glClear: framebuffer incomplete
